<?xml version="1.0" encoding="UTF-8"?>
<!-- Generated by org.testng.reporters.JUnitXMLReporter -->
<testsuite hostname="LAPTOP-I5LCVM9M" name="Command line test" tests="5" failures="0" timestamp="19 Apr 2021 04:58:59 GMT" time="0.037" errors="0">
  <testcase name="@BeforeClass setUp" time="0.0" classname="com.myapp.selenium.GoogleSearchTest">
    <failure type="org.testng.TestNGException" message="
Parameter &amp;apos;os&amp;apos; is required by @Configuration on method setUp but has not been marked @Optional or defined
">
      <![CDATA[org.testng.TestNGException: 
Parameter 'os' is required by @Configuration on method setUp but has not been marked @Optional or defined

... Removed 30 stack frames]]>
    </failure>
  </testcase> <!-- @BeforeClass setUp -->
  <testcase name="@AfterClass closeBrowser" time="0.0" classname="com.myapp.selenium.GoogleSearchTest">
    <failure type="java.lang.NullPointerException">
      <![CDATA[java.lang.NullPointerException
	at com.myapp.selenium.GoogleSearchTest.closeBrowser(GoogleSearchTest.java:78)
... Removed 33 stack frames]]>
    </failure>
  </testcase> <!-- @AfterClass closeBrowser -->
  <testcase name="googleFeelingLuckyButtonTest" time="0.005" classname="com.myapp.selenium.GoogleSearchTest">
    <skipped/>
  </testcase> <!-- googleFeelingLuckyButtonTest -->
  <testcase name="googleSearchBox" time="0.0" classname="com.myapp.selenium.GoogleSearchTest">
    <skipped/>
  </testcase> <!-- googleSearchBox -->
  <testcase name="googleSearchButtonTest" time="0.0" classname="com.myapp.selenium.GoogleSearchTest">
    <skipped/>
  </testcase> <!-- googleSearchButtonTest -->
  <testcase name="googleTitleTest" time="0.0" classname="com.myapp.selenium.GoogleSearchTest">
    <skipped/>
  </testcase> <!-- googleTitleTest -->
  <testcase name="googleUrlTest" time="0.0" classname="com.myapp.selenium.GoogleSearchTest">
    <skipped/>
  </testcase> <!-- googleUrlTest -->
</testsuite> <!-- Command line test -->
